<?xml version="1.0" encoding="UTF-8"?>
<!-- Generated by org.testng.reporters.JUnitXMLReporter -->
<testsuite hostname="AndroidWifi" ignored="0" name="Default test" tests="3" failures="0" timestamp="03 May 2019 08:23:00 GMT" time="147.041" errors="0">
  <testcase name="login" time="8.058" classname="com.monster.tests.LoginTest"/>
  <testcase name="login" time="7.807" classname="com.monster.tests.LoginTest"/>
  <testcase name="login" time="8.397" classname="com.monster.tests.LoginTest"/>
</testsuite> <!-- Default test -->
