<?xml version="1.0" encoding="UTF-8"?>
<testng-results skipped="0" failed="0" ignored="0" total="3" passed="3">
  <reporter-output>
  </reporter-output>
  <suite name="Default suite" duration-ms="147041" started-at="2019-05-03T08:20:33Z" finished-at="2019-05-03T08:23:00Z">
    <groups>
    </groups>
    <test name="Default test" duration-ms="147041" started-at="2019-05-03T08:20:33Z" finished-at="2019-05-03T08:23:00Z">
      <class name="com.monster.tests.LoginTest">
        <test-method status="PASS" signature="setUpSuite()[pri:0, instance:com.monster.tests.LoginTest@42d80b78]" name="setUpSuite" is-config="true" duration-ms="2155" started-at="2019-05-03T08:20:31Z" finished-at="2019-05-03T08:20:33Z">
          <reporter-output>
          </reporter-output>
        </test-method> <!-- setUpSuite -->
        <test-method status="PASS" signature="startUp()[pri:0, instance:com.monster.tests.LoginTest@42d80b78]" name="startUp" is-config="true" duration-ms="41068" started-at="2019-05-03T08:20:33Z" finished-at="2019-05-03T08:21:14Z">
          <reporter-output>
          </reporter-output>
        </test-method> <!-- startUp -->
        <test-method status="PASS" signature="login(java.lang.String, java.lang.String)[pri:0, instance:com.monster.tests.LoginTest@42d80b78]" name="login" duration-ms="8058" started-at="2019-05-03T08:21:14Z" data-provider="monsterLoginCredentials" finished-at="2019-05-03T08:21:22Z">
          <params>
            <param index="0">
              <value>
                <![CDATA[rkschiluka@gmail.com]]>
              </value>
            </param>
            <param index="1">
              <value>
                <![CDATA[laxmisahasra]]>
              </value>
            </param>
          </params>
          <reporter-output>
          </reporter-output>
        </test-method> <!-- login -->
        <test-method status="PASS" signature="failedScreenshot(org.testng.ITestResult)[pri:0, instance:com.monster.tests.LoginTest@42d80b78]" name="failedScreenshot" is-config="true" duration-ms="3108" started-at="2019-05-03T08:21:22Z" finished-at="2019-05-03T08:21:25Z">
          <params>
            <param index="0">
              <value>
                <![CDATA[[TestResult name=login status=SUCCESS method=LoginTest.login(java.lang.String, java.lang.String)[pri:0, instance:com.monster.tests.LoginTest@42d80b78] output={null}]]]>
              </value>
            </param>
          </params>
          <reporter-output>
          </reporter-output>
        </test-method> <!-- failedScreenshot -->
        <test-method status="PASS" signature="startUp()[pri:0, instance:com.monster.tests.LoginTest@42d80b78]" name="startUp" is-config="true" duration-ms="36515" started-at="2019-05-03T08:21:25Z" finished-at="2019-05-03T08:22:02Z">
          <reporter-output>
          </reporter-output>
        </test-method> <!-- startUp -->
        <test-method status="PASS" signature="login(java.lang.String, java.lang.String)[pri:0, instance:com.monster.tests.LoginTest@42d80b78]" name="login" duration-ms="7807" started-at="2019-05-03T08:22:02Z" data-provider="monsterLoginCredentials" finished-at="2019-05-03T08:22:10Z">
          <params>
            <param index="0">
              <value>
                <![CDATA[rkschiluka@gmail.com]]>
              </value>
            </param>
            <param index="1">
              <value>
                <![CDATA[laxmisahasra]]>
              </value>
            </param>
          </params>
          <reporter-output>
          </reporter-output>
        </test-method> <!-- login -->
        <test-method status="PASS" signature="failedScreenshot(org.testng.ITestResult)[pri:0, instance:com.monster.tests.LoginTest@42d80b78]" name="failedScreenshot" is-config="true" duration-ms="2006" started-at="2019-05-03T08:22:10Z" finished-at="2019-05-03T08:22:12Z">
          <params>
            <param index="0">
              <value>
                <![CDATA[[TestResult name=login status=SUCCESS method=LoginTest.login(java.lang.String, java.lang.String)[pri:0, instance:com.monster.tests.LoginTest@42d80b78] output={null}]]]>
              </value>
            </param>
          </params>
          <reporter-output>
          </reporter-output>
        </test-method> <!-- failedScreenshot -->
        <test-method status="PASS" signature="startUp()[pri:0, instance:com.monster.tests.LoginTest@42d80b78]" name="startUp" is-config="true" duration-ms="37940" started-at="2019-05-03T08:22:12Z" finished-at="2019-05-03T08:22:50Z">
          <reporter-output>
          </reporter-output>
        </test-method> <!-- startUp -->
        <test-method status="PASS" signature="login(java.lang.String, java.lang.String)[pri:0, instance:com.monster.tests.LoginTest@42d80b78]" name="login" duration-ms="8397" started-at="2019-05-03T08:22:50Z" data-provider="monsterLoginCredentials" finished-at="2019-05-03T08:22:58Z">
          <params>
            <param index="0">
              <value>
                <![CDATA[rkschiluka@gmail.com]]>
              </value>
            </param>
            <param index="1">
              <value>
                <![CDATA[laxmisahasra]]>
              </value>
            </param>
          </params>
          <reporter-output>
          </reporter-output>
        </test-method> <!-- login -->
        <test-method status="PASS" signature="failedScreenshot(org.testng.ITestResult)[pri:0, instance:com.monster.tests.LoginTest@42d80b78]" name="failedScreenshot" is-config="true" duration-ms="2084" started-at="2019-05-03T08:22:58Z" finished-at="2019-05-03T08:23:00Z">
          <params>
            <param index="0">
              <value>
                <![CDATA[[TestResult name=login status=SUCCESS method=LoginTest.login(java.lang.String, java.lang.String)[pri:0, instance:com.monster.tests.LoginTest@42d80b78] output={null}]]]>
              </value>
            </param>
          </params>
          <reporter-output>
          </reporter-output>
        </test-method> <!-- failedScreenshot -->
      </class> <!-- com.monster.tests.LoginTest -->
    </test> <!-- Default test -->
  </suite> <!-- Default suite -->
</testng-results>
